 Emch + Berger GmbH
 GRAPHIC - GRAFIK FUER FINITE ELEMENTE V 2024-10.0     22.10.25     Anhang M.    
 
 Torsionsbalken km 7,7+64
 
    1 +PROG WING
    2 $ Dat : C:\...\Approach_5_(Stahlbau)\Approach5.dat  (#002)          22.10.2025
    3 $ Job : EBWEW1108:000019                                                 10:59
    4
    5 HEAD 'Masse'
    6
    7 STO#SC 150                                                              $ [-]  Maßstab 1:150
    8
    9 STO#FR #FR+0.5                                                          $ [-]  Seitenummer
   10
   11
   12 PAGE LANO  UNIO  FIRS  PAG
   13      #LN   #UO   #FR   #PG
   14
   15 SIZE TYPE  SC        SPLI
   16      #TP   #SC*1E10  #SL
   17
   18 SIZ2 DRUU  DRUD  DRUL  DRUR                                             $ [cm] Ränder
   19      2.7   2.0   2.0   1.0
   20
   21
   22 VIEW TYPE DIRE X -0.864813 Y 0.422351 Z -0.271511 AXIS NEGZ ROTA 0      $ [-] Ansicht
   23 SCHH H6 #H6
   24
   25 GRP 1,2,3,5                                                             $ [-] Gruppen
   26
   27 $ Fenster Nr.1:
   28
   29 MOVE X     Y     Z    UNIT=PR A=0 SCHH=#SH SET=PEND DTYP=TEXT PICT=0
   30      10.0  90.0  0.0
   31 TEXT 'Masse (Aluminium-Wand)'
   32
   33 LC   DESI 1
   34 AND  POSI 1 POSL 0 POSR 100 POSD 0 POSU 100                             $ [-] Lage des Fensters
   35
   36 STRU NUMN MNTX FILL NO REPR DVEC UNIT 0.8 SCHH YES
   37 AND
   38 STRU NUMN MNTY FILL NO REPR DVEC UNIT 0.8 SCHH YES
   39 AND
   40 STRU NUMN MNTZ FILL NO REPR DVEC UNIT 0.8 SCHH YES
   41
   42 END
 
